<?xml version="1.0" encoding="UTF-8"?>
<testng-results ignored="0" total="1" passed="1" failed="0" skipped="0">
  <reporter-output>
  </reporter-output>
  <suite started-at="2020-05-09T10:34:12 NPT" name="MercuryTours" finished-at="2020-05-09T10:34:29 NPT" duration-ms="16966">
    <groups>
    </groups>
    <test started-at="2020-05-09T10:34:12 NPT" name="MercuryTours" finished-at="2020-05-09T10:34:29 NPT" duration-ms="16966">
      <class name="com.MercuryTours.testCases.TC_LoginTest">
        <test-method is-config="true" signature="setup()[pri:0, instance:com.MercuryTours.testCases.TC_LoginTest@419c5f1a]" started-at="2020-05-09T10:34:13 NPT" name="setup" finished-at="2020-05-09T10:34:18 NPT" duration-ms="5649" status="PASS">
          <reporter-output>
          </reporter-output>
        </test-method> <!-- setup -->
        <test-method signature="login()[pri:0, instance:com.MercuryTours.testCases.TC_LoginTest@419c5f1a]" started-at="2020-05-09T10:34:18 NPT" name="login" finished-at="2020-05-09T10:34:29 NPT" duration-ms="10326" status="PASS">
          <reporter-output>
          </reporter-output>
        </test-method> <!-- login -->
        <test-method is-config="true" signature="teardown()[pri:0, instance:com.MercuryTours.testCases.TC_LoginTest@419c5f1a]" started-at="2020-05-09T10:34:29 NPT" name="teardown" finished-at="2020-05-09T10:34:29 NPT" duration-ms="1" status="PASS">
          <reporter-output>
          </reporter-output>
        </test-method> <!-- teardown -->
      </class> <!-- com.MercuryTours.testCases.TC_LoginTest -->
    </test> <!-- MercuryTours -->
  </suite> <!-- MercuryTours -->
</testng-results>
